2021-03-17 16:41:28.236 [main] INFO  DevOpsCalculator - [Factorial of] :6.0
2021-03-17 16:41:28.247 [main] INFO  DevOpsCalculator - Result of factorial is: 720.0
2021-03-17 16:41:28.248 [main] INFO  DevOpsCalculator - [Factorial of] :7.0
2021-03-17 16:41:28.249 [main] INFO  DevOpsCalculator - Result of factorial is: 5040.0
2021-03-17 16:41:28.251 [main] INFO  DevOpsCalculator - [Natural Log of] : 17.0
2021-03-17 16:41:28.251 [main] INFO  DevOpsCalculator - [Result of Log]2.833213344056216
2021-03-17 16:41:28.252 [main] INFO  DevOpsCalculator - [Natural Log of] : 6.0
2021-03-17 16:41:28.252 [main] INFO  DevOpsCalculator - [Result of Log]1.791759469228055
2021-03-17 16:41:28.253 [main] INFO  DevOpsCalculator - [Natural Log of] : 0.0
2021-03-17 16:41:28.253 [main] INFO  DevOpsCalculator - [Result of Log]-Infinity
2021-03-17 16:41:28.253 [main] INFO  DevOpsCalculator - [Natural Log of] : -5.0
2021-03-17 16:41:28.254 [main] INFO  DevOpsCalculator - [Result of Log]NaN
2021-03-17 16:41:28.257 [main] INFO  DevOpsCalculator - [Natural Log of] : 5.0
2021-03-17 16:41:28.257 [main] INFO  DevOpsCalculator - [Result of Log]1.6094379124341003
2021-03-17 16:41:28.257 [main] INFO  DevOpsCalculator - [Natural Log of] : 10.0
2021-03-17 16:41:28.258 [main] INFO  DevOpsCalculator - [Result of Log]2.302585092994046
2021-03-17 16:41:28.258 [main] INFO  DevOpsCalculator - [Natural Log of] : 0.0
2021-03-17 16:41:28.259 [main] INFO  DevOpsCalculator - [Result of Log]-Infinity
2021-03-17 16:41:28.260 [main] INFO  DevOpsCalculator - [Square root of] : 1.0
2021-03-17 16:41:28.260 [main] INFO  DevOpsCalculator - [Result of Square Root]1.0
2021-03-17 16:41:28.261 [main] INFO  DevOpsCalculator - [Square root of] : 16.0
2021-03-17 16:41:28.261 [main] INFO  DevOpsCalculator - [Result of Square Root]4.0
2021-03-17 16:41:28.263 [main] INFO  DevOpsCalculator - [Square root of] : -1.0
2021-03-17 16:41:28.263 [main] INFO  DevOpsCalculator - [Result of Square Root]NaN
2021-03-17 16:41:28.264 [main] INFO  DevOpsCalculator - [Square root of] : 25.0
2021-03-17 16:41:28.264 [main] INFO  DevOpsCalculator - [Result of Square Root]5.0
2021-03-17 16:41:28.265 [main] INFO  DevOpsCalculator - [Square root of] : 16.0
2021-03-17 16:41:28.265 [main] INFO  DevOpsCalculator - [Result of Square Root]4.0
2021-03-17 16:41:28.266 [main] INFO  DevOpsCalculator - [Square root of] : -25.0
2021-03-17 16:41:28.266 [main] INFO  DevOpsCalculator - [Result of Square Root]NaN
2021-03-17 16:41:28.267 [main] INFO  DevOpsCalculator - [Factorial of] :-1.0
2021-03-17 16:41:28.268 [main] ERROR DevOpsCalculator - Number cannot be negative Case of NaN if < 0
2021-03-17 16:41:28.269 [main] INFO  DevOpsCalculator - Result of factorial is: NaN
2021-03-17 16:41:28.270 [main] INFO  DevOpsCalculator - [Factorial of] :2.5
2021-03-17 16:41:28.270 [main] INFO  DevOpsCalculator - Result of factorial is: NaN
2021-03-17 16:41:28.270 [main] INFO  DevOpsCalculator - [Factorial of] :5.0
2021-03-17 16:41:28.271 [main] INFO  DevOpsCalculator - Result of factorial is: 120.0
2021-03-17 16:41:28.271 [main] INFO  DevOpsCalculator - [Factorial of] :4.0
2021-03-17 16:41:28.272 [main] INFO  DevOpsCalculator - Result of factorial is: 24.0
2021-03-17 16:41:28.272 [main] INFO  DevOpsCalculator - [Factorial of] :0.0
2021-03-17 16:41:28.273 [main] INFO  DevOpsCalculator - Result of factorial is: 1.0
2021-03-17 16:41:28.274 [main] INFO  DevOpsCalculator - [Power of] :2.0, 3.0
2021-03-17 16:41:28.274 [main] INFO  DevOpsCalculator - [Result of Power]8.0
2021-03-17 16:41:28.276 [main] INFO  DevOpsCalculator - [Power of] :3.0, 2.0
2021-03-17 16:41:28.276 [main] INFO  DevOpsCalculator - [Result of Power]9.0
2021-03-17 16:41:28.277 [main] INFO  DevOpsCalculator - [Power of] :3.0, 0.0
2021-03-17 16:41:28.277 [main] INFO  DevOpsCalculator - [Result of Power]1.0
2021-03-17 16:41:28.278 [main] INFO  DevOpsCalculator - [Power of] :2.0, 3.0
2021-03-17 16:41:28.279 [main] INFO  DevOpsCalculator - [Result of Power]8.0
2021-03-17 16:41:28.279 [main] INFO  DevOpsCalculator - [Power of] :3.0, 2.0
2021-03-17 16:41:28.280 [main] INFO  DevOpsCalculator - [Result of Power]9.0
2021-03-17 16:41:28.281 [main] INFO  DevOpsCalculator - [Power of] :1.0, 0.0
2021-03-17 16:41:28.281 [main] INFO  DevOpsCalculator - [Result of Power]1.0
2021-03-17 16:41:28.281 [main] INFO  DevOpsCalculator - [Power of] :100.0, 1.0
2021-03-17 16:41:28.282 [main] INFO  DevOpsCalculator - [Result of Power]100.0
2021-03-17 16:41:28.283 [main] INFO  DevOpsCalculator - [Power of] :3.0, NaN
2021-03-17 16:41:28.283 [main] INFO  DevOpsCalculator - [Result of Power]NaN
2021-03-17 16:41:58.361 [main] INFO  DevOpsCalculator - [Square root of] : 25.0
2021-03-17 16:41:58.378 [main] INFO  DevOpsCalculator - [Result of Square Root]5.0
2021-03-17 16:42:03.260 [main] INFO  DevOpsCalculator - [Factorial of] :5.0
2021-03-17 16:42:03.260 [main] INFO  DevOpsCalculator - Result of factorial is: 120.0
2021-03-17 16:42:07.586 [main] INFO  DevOpsCalculator - [Natural Log of] : 10.0
2021-03-17 16:42:07.586 [main] INFO  DevOpsCalculator - [Result of Log]2.302585092994046
2021-03-17 16:42:11.763 [main] INFO  DevOpsCalculator - [Power of] :3.0, 2.0
2021-03-17 16:42:11.763 [main] INFO  DevOpsCalculator - [Result of Power]9.0
2021-03-17 16:42:16.243 [main] INFO  DevOpsCalculator - [Square root of] : -1.0
2021-03-17 16:42:16.243 [main] INFO  DevOpsCalculator - [Result of Square Root]NaN
2021-03-17 16:42:20.247 [main] INFO  DevOpsCalculator - [Factorial of] :-1.0
2021-03-17 16:42:20.247 [main] ERROR DevOpsCalculator - Number cannot be negative Case of NaN if < 0
2021-03-17 16:42:20.248 [main] INFO  DevOpsCalculator - Result of factorial is: NaN
2021-03-17 16:42:24.187 [main] INFO  DevOpsCalculator - [Natural Log of] : 0.0
2021-03-17 16:42:24.188 [main] INFO  DevOpsCalculator - [Result of Log]-Infinity
2021-03-17 16:42:32.517 [main] INFO  DevOpsCalculator - [Power of] :100.0, 1.0
2021-03-17 16:42:32.517 [main] INFO  DevOpsCalculator - [Result of Power]100.0
2021-03-17 16:42:48.110 [main] INFO  DevOpsCalculator - Exiting
